2019-09-23 09:15:43 INFO  InjectorInitializer:14 - Inject Dependencies started ... 
 2019-09-23 09:15:43 INFO  InjectorInitializer:16 - Inject Dependencies ended ... 
 2019-09-23 09:15:43 INFO  InjectorInitializer:34 - MockDataInitializer started ...
 2019-09-23 09:15:43 INFO  InjectorInitializer:51 - MockDataInitializer ended ...
 2019-09-23 09:15:55 INFO  RegistrationController:33 - User User registered
 2019-09-23 09:17:48 INFO  InjectorInitializer:14 - Inject Dependencies started ... 
 2019-09-23 09:17:48 INFO  InjectorInitializer:16 - Inject Dependencies ended ... 
 2019-09-23 09:17:48 INFO  InjectorInitializer:34 - MockDataInitializer started ...
 2019-09-23 09:17:48 INFO  InjectorInitializer:51 - MockDataInitializer ended ...
 2019-09-23 09:19:17 INFO  InjectorInitializer:14 - Inject Dependencies started ... 
 2019-09-23 09:19:17 INFO  InjectorInitializer:16 - Inject Dependencies ended ... 
 2019-09-23 09:19:17 INFO  InjectorInitializer:34 - MockDataInitializer started ...
 2019-09-23 09:19:17 INFO  InjectorInitializer:51 - MockDataInitializer ended ...
 2019-09-23 09:19:30 INFO  RegistrationController:33 - User User registered
 2019-09-23 09:22:18 INFO  InjectorInitializer:14 - Inject Dependencies started ... 
 2019-09-23 09:22:18 INFO  InjectorInitializer:16 - Inject Dependencies ended ... 
 2019-09-23 09:22:18 INFO  InjectorInitializer:34 - MockDataInitializer started ...
 2019-09-23 09:22:18 INFO  InjectorInitializer:51 - MockDataInitializer ended ...
 2019-09-23 09:24:24 INFO  RegistrationController:33 - User User registered
 2019-09-23 09:25:34 INFO  InjectorInitializer:14 - Inject Dependencies started ... 
 2019-09-23 09:25:34 INFO  InjectorInitializer:16 - Inject Dependencies ended ... 
 2019-09-23 09:25:34 INFO  InjectorInitializer:34 - MockDataInitializer started ...
 2019-09-23 09:25:34 INFO  InjectorInitializer:51 - MockDataInitializer ended ...
 2019-09-23 09:25:45 INFO  RegistrationController:33 - User User registered
 2019-09-23 09:26:59 INFO  InjectorInitializer:14 - Inject Dependencies started ... 
 2019-09-23 09:26:59 INFO  InjectorInitializer:16 - Inject Dependencies ended ... 
 2019-09-23 09:26:59 INFO  InjectorInitializer:34 - MockDataInitializer started ...
 2019-09-23 09:26:59 INFO  InjectorInitializer:51 - MockDataInitializer ended ...
 2019-09-23 09:27:10 INFO  RegistrationController:33 - User User registered
 2019-09-23 09:27:35 INFO  InjectorInitializer:14 - Inject Dependencies started ... 
 2019-09-23 09:27:35 INFO  InjectorInitializer:16 - Inject Dependencies ended ... 
 2019-09-23 09:27:35 INFO  InjectorInitializer:34 - MockDataInitializer started ...
 2019-09-23 09:27:35 INFO  InjectorInitializer:51 - MockDataInitializer ended ...
 2019-09-23 09:27:45 INFO  RegistrationController:33 - User User registered
 2019-09-23 09:28:11 INFO  InjectorInitializer:14 - Inject Dependencies started ... 
 2019-09-23 09:28:11 INFO  InjectorInitializer:16 - Inject Dependencies ended ... 
 2019-09-23 09:28:11 INFO  InjectorInitializer:34 - MockDataInitializer started ...
 2019-09-23 09:28:11 INFO  InjectorInitializer:51 - MockDataInitializer ended ...
 2019-09-23 09:28:25 INFO  RegistrationController:33 - User User registered
 2019-09-23 09:29:36 INFO  InjectorInitializer:14 - Inject Dependencies started ... 
 2019-09-23 09:29:36 INFO  InjectorInitializer:16 - Inject Dependencies ended ... 
 2019-09-23 09:29:36 INFO  InjectorInitializer:34 - MockDataInitializer started ...
 2019-09-23 09:29:36 INFO  InjectorInitializer:51 - MockDataInitializer ended ...
 2019-09-23 09:29:52 INFO  RegistrationController:33 - User User registered
 2019-09-23 09:30:16 INFO  InjectorInitializer:14 - Inject Dependencies started ... 
 2019-09-23 09:30:16 INFO  InjectorInitializer:16 - Inject Dependencies ended ... 
 2019-09-23 09:30:16 INFO  InjectorInitializer:34 - MockDataInitializer started ...
 2019-09-23 09:30:16 INFO  InjectorInitializer:51 - MockDataInitializer ended ...
 2019-09-23 09:30:26 INFO  RegistrationController:33 - User User registered
 2019-09-23 09:31:49 INFO  InjectorInitializer:14 - Inject Dependencies started ... 
 2019-09-23 09:31:49 INFO  InjectorInitializer:16 - Inject Dependencies ended ... 
 2019-09-23 09:31:49 INFO  InjectorInitializer:34 - MockDataInitializer started ...
 2019-09-23 09:31:49 INFO  InjectorInitializer:51 - MockDataInitializer ended ...
 2019-09-23 09:32:00 INFO  RegistrationController:33 - User User registered
 2019-09-23 09:32:35 INFO  InjectorInitializer:14 - Inject Dependencies started ... 
 2019-09-23 09:32:35 INFO  InjectorInitializer:16 - Inject Dependencies ended ... 
 2019-09-23 09:32:35 INFO  InjectorInitializer:34 - MockDataInitializer started ...
 2019-09-23 09:32:35 INFO  InjectorInitializer:51 - MockDataInitializer ended ...
 2019-09-23 09:32:46 INFO  RegistrationController:33 - User User registered
 2019-09-23 09:33:24 INFO  InjectorInitializer:14 - Inject Dependencies started ... 
 2019-09-23 09:33:24 INFO  InjectorInitializer:16 - Inject Dependencies ended ... 
 2019-09-23 09:33:24 INFO  InjectorInitializer:34 - MockDataInitializer started ...
 2019-09-23 09:33:24 INFO  InjectorInitializer:51 - MockDataInitializer ended ...
 2019-09-23 09:33:39 INFO  RegistrationController:33 - User User registered
 2019-09-23 09:37:07 INFO  InjectorInitializer:14 - Inject Dependencies started ... 
 2019-09-23 09:37:07 INFO  InjectorInitializer:16 - Inject Dependencies ended ... 
 2019-09-23 09:37:07 INFO  InjectorInitializer:34 - MockDataInitializer started ...
 2019-09-23 09:37:07 INFO  InjectorInitializer:51 - MockDataInitializer ended ...
 2019-09-23 09:37:49 INFO  InjectorInitializer:14 - Inject Dependencies started ... 
 2019-09-23 09:37:49 INFO  InjectorInitializer:16 - Inject Dependencies ended ... 
 2019-09-23 09:37:49 INFO  InjectorInitializer:34 - MockDataInitializer started ...
 2019-09-23 09:37:49 INFO  InjectorInitializer:51 - MockDataInitializer ended ...
 2019-09-23 09:38:01 ERROR LoginController:47 - mate.academy.ishop.exceptions.AuthenticationException: Incorrect login or password
 2019-09-23 09:38:18 INFO  RegistrationController:33 - User User registered
 2019-09-23 09:38:28 INFO  LoginController:41 - User User logged in
 